<?xml version="1.0" encoding="UTF-8"?>
<!-- Generated by org.testng.reporters.JUnitReportReporter -->
<testsuite skipped="0" hostname="BHUSHAN" name="Runner.MyTestRunner" tests="1" failures="0" timestamp="2022-08-13T22:38:05 IST" time="14.622" errors="1">
  <testcase name="runScenario" time="14.622" classname="Runner.MyTestRunner">
    <error type="org.openqa.selenium.SessionNotCreatedException" message="session not created: This version of ChromeDriver only supports Chrome version 102
Current browser version is 104.0.5112.81 with binary path C:\Program Files (x86)\Google\Chrome\Application\chrome.exe
Build info: version: &#039;3.14.0&#039;, revision: &#039;aacccce0&#039;, time: &#039;2018-08-02T20:19:58.91Z&#039;
System info: host: &#039;BHUSHAN&#039;, ip: &#039;192.168.115.252&#039;, os.name: &#039;Windows 10&#039;, os.arch: &#039;amd64&#039;, os.version: &#039;10.0&#039;, java.version: &#039;1.8.0_202&#039;
Driver info: driver.version: ChromeDriver
remote stacktrace: Backtrace:
	Ordinal0 [0x0119D953+2414931]
	Ordinal0 [0x0112F5E1+1963489]
	Ordinal0 [0x0101C6B8+837304]
	Ordinal0 [0x0103CAE3+969443]
	Ordinal0 [0x010386FA+952058]
	Ordinal0 [0x01035FB1+942001]
	Ordinal0 [0x01069100+1151232]
	Ordinal0 [0x01068D5A+1150298]
	Ordinal0 [0x010642B6+1131190]
	Ordinal0 [0x0103E860+976992]
	Ordinal0 [0x0103F756+980822]
	GetHandleVerifier [0x0140CC62+2510274]
	GetHandleVerifier [0x013FF760+2455744]
	GetHandleVerifier [0x0122EABA+551962]
	GetHandleVerifier [0x0122D916+547446]
	Ordinal0 [0x01135F3B+1990459]
	Ordinal0 [0x0113A898+2009240]
	Ordinal0 [0x0113A985+2009477]
	Ordinal0 [0x01143AD1+2046673]
	BaseThreadInitThunk [0x765DFA29+25]
	RtlGetAppContainerNamedObjectPath [0x77177A7E+286]
	RtlGetAppContainerNamedObjectPath [0x77177A4E+238]
">
      <![CDATA[org.openqa.selenium.SessionNotCreatedException: session not created: This version of ChromeDriver only supports Chrome version 102
Current browser version is 104.0.5112.81 with binary path C:\Program Files (x86)\Google\Chrome\Application\chrome.exe
Build info: version: '3.14.0', revision: 'aacccce0', time: '2018-08-02T20:19:58.91Z'
System info: host: 'BHUSHAN', ip: '192.168.115.252', os.name: 'Windows 10', os.arch: 'amd64', os.version: '10.0', java.version: '1.8.0_202'
Driver info: driver.version: ChromeDriver
remote stacktrace: Backtrace:
Ordinal0 [0x0119D953+2414931]
Ordinal0 [0x0112F5E1+1963489]
Ordinal0 [0x0101C6B8+837304]
Ordinal0 [0x0103CAE3+969443]
Ordinal0 [0x010386FA+952058]
Ordinal0 [0x01035FB1+942001]
Ordinal0 [0x01069100+1151232]
Ordinal0 [0x01068D5A+1150298]
Ordinal0 [0x010642B6+1131190]
Ordinal0 [0x0103E860+976992]
Ordinal0 [0x0103F756+980822]
GetHandleVerifier [0x0140CC62+2510274]
GetHandleVerifier [0x013FF760+2455744]
GetHandleVerifier [0x0122EABA+551962]
GetHandleVerifier [0x0122D916+547446]
Ordinal0 [0x01135F3B+1990459]
Ordinal0 [0x0113A898+2009240]
Ordinal0 [0x0113A985+2009477]
Ordinal0 [0x01143AD1+2046673]
BaseThreadInitThunk [0x765DFA29+25]
RtlGetAppContainerNamedObjectPath [0x77177A7E+286]
RtlGetAppContainerNamedObjectPath [0x77177A4E+238]

at sun.reflect.NativeConstructorAccessorImpl.newInstance0(Native Method)
at sun.reflect.NativeConstructorAccessorImpl.newInstance(Unknown Source)
at sun.reflect.DelegatingConstructorAccessorImpl.newInstance(Unknown Source)
at java.lang.reflect.Constructor.newInstance(Unknown Source)
at org.openqa.selenium.remote.W3CHandshakeResponse.lambda$new$0(W3CHandshakeResponse.java:57)
at org.openqa.selenium.remote.W3CHandshakeResponse.lambda$getResponseFunction$2(W3CHandshakeResponse.java:104)
at org.openqa.selenium.remote.ProtocolHandshake.lambda$createSession$0(ProtocolHandshake.java:122)
at java.util.stream.ReferencePipeline$3$1.accept(Unknown Source)
at java.util.Spliterators$ArraySpliterator.tryAdvance(Unknown Source)
at java.util.stream.ReferencePipeline.forEachWithCancel(Unknown Source)
at java.util.stream.AbstractPipeline.copyIntoWithCancel(Unknown Source)
at java.util.stream.AbstractPipeline.copyInto(Unknown Source)
at java.util.stream.AbstractPipeline.wrapAndCopyInto(Unknown Source)
at java.util.stream.FindOps$FindOp.evaluateSequential(Unknown Source)
at java.util.stream.AbstractPipeline.evaluate(Unknown Source)
at java.util.stream.ReferencePipeline.findFirst(Unknown Source)
at org.openqa.selenium.remote.ProtocolHandshake.createSession(ProtocolHandshake.java:125)
at org.openqa.selenium.remote.ProtocolHandshake.createSession(ProtocolHandshake.java:73)
at org.openqa.selenium.remote.HttpCommandExecutor.execute(HttpCommandExecutor.java:136)
at org.openqa.selenium.remote.service.DriverCommandExecutor.execute(DriverCommandExecutor.java:83)
at org.openqa.selenium.remote.RemoteWebDriver.execute(RemoteWebDriver.java:548)
at org.openqa.selenium.remote.RemoteWebDriver.startSession(RemoteWebDriver.java:212)
at org.openqa.selenium.remote.RemoteWebDriver.<init>(RemoteWebDriver.java:130)
at org.openqa.selenium.chrome.ChromeDriver.<init>(ChromeDriver.java:181)
at org.openqa.selenium.chrome.ChromeDriver.<init>(ChromeDriver.java:168)
at org.openqa.selenium.chrome.ChromeDriver.<init>(ChromeDriver.java:123)
at Base.DriverManager.init_driver(DriverManager.java:35)
at Hooks.ApplicationHooks.launchBrowser(ApplicationHooks.java:31)
]]>
    </error>
  </testcase> <!-- runScenario -->
  <system-out/>
</testsuite> <!-- Runner.MyTestRunner -->
